<?xml version="1.0" encoding="UTF-8"?>
<coverage generated="1608624214731" clover="3.2.0">
  <project timestamp="1608624214731" name="All files">
    <metrics statements="9" coveredstatements="9" conditionals="6" coveredconditionals="6" methods="1" coveredmethods="1" elements="16" coveredelements="16" complexity="0" loc="9" ncloc="9" packages="1" files="1" classes="1"/>
    <file name="balancedBraces.js" path="D:\Skill Development\Professional Development\pesto\b5-asessment-2nd-Tushh007\balanced-braces\balancedBraces.js">
      <metrics statements="9" coveredstatements="9" conditionals="6" coveredconditionals="6" methods="1" coveredmethods="1"/>
      <line num="2" count="6" type="stmt"/>
      <line num="3" count="6" type="stmt"/>
      <line num="4" count="6" type="stmt"/>
      <line num="6" count="6" type="stmt"/>
      <line num="7" count="299" type="cond" truecount="2" falsecount="0"/>
      <line num="8" count="299" type="cond" truecount="2" falsecount="0"/>
      <line num="9" count="40" type="cond" truecount="2" falsecount="0"/>
      <line num="13" count="36" type="stmt"/>
      <line num="17" count="6" type="stmt"/>
    </file>
  </project>
</coverage>
