{"D:\\Skill Development\\Professional Development\\pesto\\b5-asessment-2nd-Tushh007\\balanced-braces\\balancedBraces.js": {"path":"D:\\Skill Development\\Professional Development\\pesto\\b5-asessment-2nd-Tushh007\\balanced-braces\\balancedBraces.js","statementMap":{"0":{"start":{"line":2,"column":14},"end":{"line":2,"column":16}},"1":{"start":{"line":3,"column":24},"end":{"line":3,"column":39}},"2":{"start":{"line":4,"column":23},"end":{"line":4,"column":38}},"3":{"start":{"line":6,"column":2},"end":{"line":15,"column":3}},"4":{"start":{"line":6,"column":15},"end":{"line":6,"column":16}},"5":{"start":{"line":7,"column":4},"end":{"line":7,"column":61}},"6":{"start":{"line":7,"column":42},"end":{"line":7,"column":61}},"7":{"start":{"line":8,"column":4},"end":{"line":14,"column":5}},"8":{"start":{"line":9,"column":6},"end":{"line":13,"column":20}},"9":{"start":{"line":13,"column":8},"end":{"line":13,"column":20}},"10":{"start":{"line":17,"column":2},"end":{"line":17,"column":28}}},"fnMap":{"0":{"name":"balancedBraces","decl":{"start":{"line":1,"column":9},"end":{"line":1,"column":23}},"loc":{"start":{"line":1,"column":29},"end":{"line":18,"column":1}},"line":1}},"branchMap":{"0":{"loc":{"start":{"line":7,"column":4},"end":{"line":7,"column":61}},"type":"if","locations":[{"start":{"line":7,"column":4},"end":{"line":7,"column":61}},{"start":{"line":7,"column":4},"end":{"line":7,"column":61}}],"line":7},"1":{"loc":{"start":{"line":8,"column":4},"end":{"line":14,"column":5}},"type":"if","locations":[{"start":{"line":8,"column":4},"end":{"line":14,"column":5}},{"start":{"line":8,"column":4},"end":{"line":14,"column":5}}],"line":8},"2":{"loc":{"start":{"line":9,"column":6},"end":{"line":13,"column":20}},"type":"if","locations":[{"start":{"line":9,"column":6},"end":{"line":13,"column":20}},{"start":{"line":9,"column":6},"end":{"line":13,"column":20}}],"line":9}},"s":{"0":6,"1":6,"2":6,"3":6,"4":6,"5":299,"6":43,"7":299,"8":40,"9":36,"10":6},"f":{"0":6},"b":{"0":[43,256],"1":[40,259],"2":[36,4]},"_coverageSchema":"1a1c01bbd47fc00a2c39e90264f33305004495a9","hash":"0a939b9a166f0b02066a6829bc227a5cf6d252c9"}
}
