<?xml version="1.0" encoding="UTF-8"?>
<coverage generated="1608568848646" clover="3.2.0">
  <project timestamp="1608568848646" name="All files">
    <metrics statements="7" coveredstatements="7" conditionals="6" coveredconditionals="6" methods="2" coveredmethods="2" elements="15" coveredelements="15" complexity="0" loc="7" ncloc="7" packages="1" files="1" classes="1"/>
    <file name="arrayCubeRootToJson.js" path="D:\Skill Development\Professional Development\pesto\b5-asessment-2nd-Tushh007\array-cube-root-to-json\arrayCubeRootToJson.js">
      <metrics statements="7" coveredstatements="7" conditionals="6" coveredconditionals="6" methods="2" coveredmethods="2"/>
      <line num="1" count="1" type="stmt"/>
      <line num="2" count="10" type="cond" truecount="2" falsecount="0"/>
      <line num="4" count="7" type="stmt"/>
      <line num="5" count="7" type="stmt"/>
      <line num="6" count="22" type="cond" truecount="4" falsecount="0"/>
      <line num="7" count="19" type="stmt"/>
      <line num="10" count="3" type="stmt"/>
    </file>
  </project>
</coverage>
