{"D:\\Skill Development\\Professional Development\\pesto\\b5-asessment-2nd-Tushh007\\array-cube-root-to-json\\arrayCubeRootToJson.js": {"path":"D:\\Skill Development\\Professional Development\\pesto\\b5-asessment-2nd-Tushh007\\array-cube-root-to-json\\arrayCubeRootToJson.js","statementMap":{"0":{"start":{"line":1,"column":28},"end":{"line":11,"column":1}},"1":{"start":{"line":2,"column":2},"end":{"line":2,"column":53}},"2":{"start":{"line":2,"column":31},"end":{"line":2,"column":53}},"3":{"start":{"line":4,"column":15},"end":{"line":4,"column":17}},"4":{"start":{"line":5,"column":2},"end":{"line":8,"column":5}},"5":{"start":{"line":6,"column":4},"end":{"line":6,"column":97}},"6":{"start":{"line":6,"column":56},"end":{"line":6,"column":97}},"7":{"start":{"line":7,"column":4},"end":{"line":7,"column":41}},"8":{"start":{"line":10,"column":2},"end":{"line":10,"column":16}}},"fnMap":{"0":{"name":"(anonymous_0)","decl":{"start":{"line":1,"column":28},"end":{"line":1,"column":29}},"loc":{"start":{"line":1,"column":37},"end":{"line":11,"column":1}},"line":1},"1":{"name":"(anonymous_1)","decl":{"start":{"line":5,"column":14},"end":{"line":5,"column":15}},"loc":{"start":{"line":5,"column":27},"end":{"line":8,"column":3}},"line":5}},"branchMap":{"0":{"loc":{"start":{"line":2,"column":2},"end":{"line":2,"column":53}},"type":"if","locations":[{"start":{"line":2,"column":2},"end":{"line":2,"column":53}},{"start":{"line":2,"column":2},"end":{"line":2,"column":53}}],"line":2},"1":{"loc":{"start":{"line":6,"column":4},"end":{"line":6,"column":97}},"type":"if","locations":[{"start":{"line":6,"column":4},"end":{"line":6,"column":97}},{"start":{"line":6,"column":4},"end":{"line":6,"column":97}}],"line":6},"2":{"loc":{"start":{"line":6,"column":8},"end":{"line":6,"column":54}},"type":"binary-expr","locations":[{"start":{"line":6,"column":8},"end":{"line":6,"column":36}},{"start":{"line":6,"column":40},"end":{"line":6,"column":54}}],"line":6}},"s":{"0":1,"1":10,"2":3,"3":7,"4":7,"5":22,"6":3,"7":19,"8":3},"f":{"0":10,"1":22},"b":{"0":[3,7],"1":[3,19],"2":[22,21]},"_coverageSchema":"1a1c01bbd47fc00a2c39e90264f33305004495a9","hash":"3c0bbac303f6b798c63a7a5270064c4db1bde710"}
}
